<?xml version="1.0" encoding="UTF-8" ?>
<testsuite errors="1" failures="0" hostname="YASIN-PC" name="minicopier.gui.SupPanel" skipped="0" tests="1" time="0.06" timestamp="2017-08-13T13:47:22">
  <properties>
    <property name="java.vendor" value="Oracle Corporation" />
    <property name="coverage.summaryxml.dir" value="reports/cobertura-summary-xml" />
    <property name="sun.java.launcher" value="SUN_STANDARD" />
    <property name="sun.management.compiler" value="HotSpot 64-Bit Tiered Compilers" />
    <property name="os.name" value="Windows 7" />
    <property name="sun.boot.class.path" value="c:\Program Files\Java\jdk1.8.0_144\jre\lib\resources.jar;c:\Program Files\Java\jdk1.8.0_144\jre\lib\rt.jar;c:\Program Files\Java\jdk1.8.0_144\jre\lib\sunrsasign.jar;c:\Program Files\Java\jdk1.8.0_144\jre\lib\jsse.jar;c:\Program Files\Java\jdk1.8.0_144\jre\lib\jce.jar;c:\Program Files\Java\jdk1.8.0_144\jre\lib\charsets.jar;c:\Program Files\Java\jdk1.8.0_144\jre\lib\jfr.jar;c:\Program Files\Java\jdk1.8.0_144\jre\classes" />
    <property name="reports.html.dir" value="reports/junit-html" />
    <property name="sun.desktop" value="windows" />
    <property name="java.vm.specification.vendor" value="Oracle Corporation" />
    <property name="test.failed" value="true" />
    <property name="ant.home" value="c:/apache-ant-1.10.1-bin/apache-ant-1.10.1" />
    <property name="java.runtime.version" value="1.8.0_144-b01" />
    <property name="cobertura.dir" value="." />
    <property name="user.name" value="YASIN" />
    <property name="user.language" value="en" />
    <property name="sun.boot.library.path" value="c:\Program Files\Java\jdk1.8.0_144\jre\bin" />
    <property name="reports.dir" value="reports" />
    <property name="ant.project.default-target" value="coverage" />
    <property name="ant.project.name" value="cobertura.examples.basic" />
    <property name="ant.file.cobertura.examples.basic" value="c:\Users\YASIN\github\java_dummy01\cobertura_V1\build.xml" />
    <property name="java.version" value="1.8.0_144" />
    <property name="coverage.html.dir" value="reports/cobertura-html" />
    <property name="user.timezone" value="" />
    <property name="sun.arch.data.model" value="64" />
    <property name="java.endorsed.dirs" value="c:\Program Files\Java\jdk1.8.0_144\jre\lib\endorsed" />
    <property name="sun.cpu.isalist" value="amd64" />
    <property name="sun.jnu.encoding" value="Cp1252" />
    <property name="file.encoding.pkg" value="sun.io" />
    <property name="file.separator" value="\" />
    <property name="java.specification.name" value="Java Platform API Specification" />
    <property name="classes.dir" value="../develpment/classes" />
    <property name="java.class.version" value="52.0" />
    <property name="user.country" value="US" />
    <property name="java.home" value="c:\Program Files\Java\jdk1.8.0_144\jre" />
    <property name="java.vm.info" value="mixed mode" />
    <property name="ant.file.type.cobertura.examples.basic" value="file" />
    <property name="ant.file" value="c:\Users\YASIN\github\java_dummy01\cobertura_V1\build.xml" />
    <property name="os.version" value="6.1" />
    <property name="path.separator" value=";" />
    <property name="java.vm.version" value="25.144-b01" />
    <property name="user.variant" value="" />
    <property name="ant.library.dir" value="c:/apache-ant-1.10.1-bin/apache-ant-1.10.1/lib" />
    <property name="java.awt.printerjob" value="sun.awt.windows.WPrinterJob" />
    <property name="sun.io.unicode.encoding" value="UnicodeLittle" />
    <property name="awt.toolkit" value="sun.awt.windows.WToolkit" />
    <property name="sun.stdout.encoding" value="cp437" />
    <property name="user.script" value="" />
    <property name="reports.xml.dir" value="reports/junit-xml" />
    <property name="user.home" value="C:\Users\YASIN" />
    <property name="java.specification.vendor" value="Oracle Corporation" />
    <property name="coverage.xml.dir" value="reports/cobertura-xml" />
    <property name="java.library.path" value="c:\Program Files\Java\jdk1.8.0_144\jre\bin;C:\Windows\Sun\Java\bin;C:\Windows\system32;C:\Windows;c:\Users\YASIN\bin;.;C:\Program Files (x86)\Git\local\bin;C:\Program Files (x86)\Git\mingw\bin;C:\Program Files (x86)\Git\bin;c:\ProgramData\Oracle\Java\javapath;c:\Program Files (x86)\Intel\iCLS Client\;c:\Program Files\Intel\iCLS Client\;c:\Windows\system32;c:\Windows;c:\Windows\System32\Wbem;c:\Windows\System32\WindowsPowerShell\v1.0\;c:\Program Files (x86)\Intel\OpenCL SDK\2.0\bin\x86;c:\Program Files (x86)\Intel\OpenCL SDK\2.0\bin\x64;c:\Program Files\Intel\Intel(R) Management Engine Components\DAL;c:\Program Files\Intel\Intel(R) Management Engine Components\IPT;c:\Program Files (x86)\Intel\Intel(R) Management Engine Components\DAL;c:\Program Files (x86)\Intel\Intel(R) Management Engine Components\IPT;c:\Program Files (x86)\Java\jre7\bin;c:\Program Files\Java\jdk1.7.0_55\bin;c:\Program Files (x86)\Common Files\lenovo\easyplussdk\bin;c:\Program Files (x86)\Skype\Phone\;c:\Program Files\TortoiseGit\bin;c:\apache-ant-1.10.1-bin\apache-ant-1.10.1\bin\;." />
    <property name="java.vendor.url" value="http://java.oracle.com/" />
    <property name="java.vm.vendor" value="Oracle Corporation" />
    <property name="java.runtime.name" value="Java(TM) SE Runtime Environment" />
    <property name="sun.java.command" value="org.apache.tools.ant.taskdefs.optional.junit.JUnitTestRunner minicopier.gui.SupPanel skipNonTests=false filtertrace=true haltOnError=false haltOnFailure=false showoutput=false outputtoformatters=true logfailedtests=true threadid=0 logtestlistenerevents=false formatter=org.apache.tools.ant.taskdefs.optional.junit.XMLJUnitResultFormatter,c:\Users\YASIN\github\java_dummy01\cobertura_V1\reports\junit-xml\TEST-minicopier.gui.SupPanel.xml crashfile=c:\Users\YASIN\github\java_dummy01\cobertura_V1\junitvmwatcher9032551180622519323.properties propsfile=c:\Users\YASIN\github\java_dummy01\cobertura_V1\junit3376432340546890722.properties" />
    <property name="java.class.path" value="c:\Users\YASIN\github\java_dummy01\cobertura_V1\instrumented;c:\Users\YASIN\github\java_dummy01\develpment\classes;c:\Users\YASIN\github\java_dummy01\cobertura_V1\cobertura.jar;c:\Users\YASIN\github\java_dummy01\cobertura_V1\lib\asm-3.0.jar;c:\Users\YASIN\github\java_dummy01\cobertura_V1\lib\asm-tree-3.0.jar;c:\Users\YASIN\github\java_dummy01\cobertura_V1\lib\jakarta-oro-2.0.8.jar;c:\Users\YASIN\github\java_dummy01\cobertura_V1\lib\junit-4.11.jar;c:\Users\YASIN\github\java_dummy01\cobertura_V1\lib\log4j-1.2.9.jar;C:\apache-ant-1.10.1-bin\apache-ant-1.10.1\lib\ant-launcher.jar;c:\apache-ant-1.10.1-bin\apache-ant-1.10.1\lib\ant.jar;c:\apache-ant-1.10.1-bin\apache-ant-1.10.1\lib\ant-junit.jar;c:\apache-ant-1.10.1-bin\apache-ant-1.10.1\lib\ant-junit4.jar" />
    <property name="ant.version" value="Apache Ant(TM) version 1.10.1 compiled on February 2 2017" />
    <property name="java.vm.specification.name" value="Java Virtual Machine Specification" />
    <property name="ant.file.type" value="file" />
    <property name="java.vm.specification.version" value="1.8" />
    <property name="sun.cpu.endian" value="little" />
    <property name="sun.os.patch.level" value="Service Pack 1" />
    <property name="java.io.tmpdir" value="C:\Users\YASIN\AppData\Local\Temp\" />
    <property name="java.vendor.url.bug" value="http://bugreport.sun.com/bugreport/" />
    <property name="os.arch" value="amd64" />
    <property name="java.awt.graphicsenv" value="sun.awt.Win32GraphicsEnvironment" />
    <property name="instrumented.dir" value="instrumented" />
    <property name="java.ext.dirs" value="c:\Program Files\Java\jdk1.8.0_144\jre\lib\ext;C:\Windows\Sun\Java\lib\ext" />
    <property name="user.dir" value="c:\Users\YASIN\github\java_dummy01\cobertura_V1" />
    <property name="line.separator" value="&#xd;&#xa;" />
    <property name="java.vm.name" value="Java HotSpot(TM) 64-Bit Server VM" />
    <property name="basedir" value="c:\Users\YASIN\github\java_dummy01\cobertura_V1" />
    <property name="ant.java.version" value="1.8" />
    <property name="ant.core.lib" value="c:\apache-ant-1.10.1-bin\apache-ant-1.10.1\lib\ant.jar" />
    <property name="file.encoding" value="Cp1252" />
    <property name="sun.stderr.encoding" value="cp437" />
    <property name="java.specification.version" value="1.8" />
    <property name="src.dir" value="../development/src" />
    <property name="ant.project.invoked-targets" value="coverage" />
  </properties>
  <testcase classname="minicopier.gui.SupPanel" name="initializationError" time="0.0">
    <error message="org/hamcrest/SelfDescribing" type="java.lang.NoClassDefFoundError">java.lang.NoClassDefFoundError: org/hamcrest/SelfDescribing
	at java.lang.ClassLoader.defineClass1(Native Method)
	at java.lang.ClassLoader.defineClass(ClassLoader.java:763)
	at java.security.SecureClassLoader.defineClass(SecureClassLoader.java:142)
	at java.net.URLClassLoader.defineClass(URLClassLoader.java:467)
	at java.net.URLClassLoader.access$100(URLClassLoader.java:73)
	at java.net.URLClassLoader$1.run(URLClassLoader.java:368)
	at java.net.URLClassLoader$1.run(URLClassLoader.java:362)
	at java.security.AccessController.doPrivileged(Native Method)
	at java.net.URLClassLoader.findClass(URLClassLoader.java:361)
	at java.lang.ClassLoader.loadClass(ClassLoader.java:424)
	at sun.misc.Launcher$AppClassLoader.loadClass(Launcher.java:335)
	at java.lang.ClassLoader.loadClass(ClassLoader.java:357)
	at java.lang.reflect.Constructor.newInstance(Constructor.java:423)
Caused by: java.lang.ClassNotFoundException: org.hamcrest.SelfDescribing
	at java.net.URLClassLoader.findClass(URLClassLoader.java:381)
	at java.lang.ClassLoader.loadClass(ClassLoader.java:424)
	at sun.misc.Launcher$AppClassLoader.loadClass(Launcher.java:335)
	at java.lang.ClassLoader.loadClass(ClassLoader.java:357)
</error>
  </testcase>
  <system-out><![CDATA[]]></system-out>
  <system-err><![CDATA[]]></system-err>
</testsuite>
