<?xml version="1.0" encoding="UTF-8" ?>
<testsuite errors="1" failures="0" hostname="YASIN-PC" name="minicopier.gui.MainFrame" skipped="0" tests="1" time="0.0" timestamp="2017-08-13T13:47:21">
  <properties>
    <property name="java.vendor" value="Oracle Corporation" />
    <property name="coverage.summaryxml.dir" value="reports/cobertura-summary-xml" />
    <property name="sun.java.launcher" value="SUN_STANDARD" />
    <property name="sun.management.compiler" value="HotSpot 64-Bit Tiered Compilers" />
    <property name="os.name" value="Windows 7" />
    <property name="sun.boot.class.path" value="c:\Program Files\Java\jdk1.8.0_144\jre\lib\resources.jar;c:\Program Files\Java\jdk1.8.0_144\jre\lib\rt.jar;c:\Program Files\Java\jdk1.8.0_144\jre\lib\sunrsasign.jar;c:\Program Files\Java\jdk1.8.0_144\jre\lib\jsse.jar;c:\Program Files\Java\jdk1.8.0_144\jre\lib\jce.jar;c:\Program Files\Java\jdk1.8.0_144\jre\lib\charsets.jar;c:\Program Files\Java\jdk1.8.0_144\jre\lib\jfr.jar;c:\Program Files\Java\jdk1.8.0_144\jre\classes" />
    <property name="reports.html.dir" value="reports/junit-html" />
    <property name="sun.desktop" value="windows" />
    <property name="java.vm.specification.vendor" value="Oracle Corporation" />
    <property name="test.failed" value="true" />
    <property name="ant.home" value="c:/apache-ant-1.10.1-bin/apache-ant-1.10.1" />
    <property name="java.runtime.version" value="1.8.0_144-b01" />
    <property name="cobertura.dir" value="." />
    <property name="user.name" value="YASIN" />
    <property name="user.language" value="en" />
    <property name="sun.boot.library.path" value="c:\Program Files\Java\jdk1.8.0_144\jre\bin" />
    <property name="reports.dir" value="reports" />
    <property name="ant.project.default-target" value="coverage" />
    <property name="ant.project.name" value="cobertura.examples.basic" />
    <property name="ant.file.cobertura.examples.basic" value="c:\Users\YASIN\github\java_dummy01\cobertura_V1\build.xml" />
    <property name="java.version" value="1.8.0_144" />
    <property name="coverage.html.dir" value="reports/cobertura-html" />
    <property name="user.timezone" value="" />
    <property name="sun.arch.data.model" value="64" />
    <property name="java.endorsed.dirs" value="c:\Program Files\Java\jdk1.8.0_144\jre\lib\endorsed" />
    <property name="sun.cpu.isalist" value="amd64" />
    <property name="sun.jnu.encoding" value="Cp1252" />
    <property name="file.encoding.pkg" value="sun.io" />
    <property name="file.separator" value="\" />
    <property name="java.specification.name" value="Java Platform API Specification" />
    <property name="classes.dir" value="../develpment/classes" />
    <property name="java.class.version" value="52.0" />
    <property name="user.country" value="US" />
    <property name="java.home" value="c:\Program Files\Java\jdk1.8.0_144\jre" />
    <property name="java.vm.info" value="mixed mode" />
    <property name="ant.file.type.cobertura.examples.basic" value="file" />
    <property name="ant.file" value="c:\Users\YASIN\github\java_dummy01\cobertura_V1\build.xml" />
    <property name="os.version" value="6.1" />
    <property name="path.separator" value=";" />
    <property name="java.vm.version" value="25.144-b01" />
    <property name="user.variant" value="" />
    <property name="ant.library.dir" value="c:/apache-ant-1.10.1-bin/apache-ant-1.10.1/lib" />
    <property name="java.awt.printerjob" value="sun.awt.windows.WPrinterJob" />
    <property name="sun.io.unicode.encoding" value="UnicodeLittle" />
    <property name="awt.toolkit" value="sun.awt.windows.WToolkit" />
    <property name="sun.stdout.encoding" value="cp437" />
    <property name="user.script" value="" />
    <property name="reports.xml.dir" value="reports/junit-xml" />
    <property name="user.home" value="C:\Users\YASIN" />
    <property name="java.specification.vendor" value="Oracle Corporation" />
    <property name="coverage.xml.dir" value="reports/cobertura-xml" />
    <property name="java.library.path" value="c:\Program Files\Java\jdk1.8.0_144\jre\bin;C:\Windows\Sun\Java\bin;C:\Windows\system32;C:\Windows;c:\Users\YASIN\bin;.;C:\Program Files (x86)\Git\local\bin;C:\Program Files (x86)\Git\mingw\bin;C:\Program Files (x86)\Git\bin;c:\ProgramData\Oracle\Java\javapath;c:\Program Files (x86)\Intel\iCLS Client\;c:\Program Files\Intel\iCLS Client\;c:\Windows\system32;c:\Windows;c:\Windows\System32\Wbem;c:\Windows\System32\WindowsPowerShell\v1.0\;c:\Program Files (x86)\Intel\OpenCL SDK\2.0\bin\x86;c:\Program Files (x86)\Intel\OpenCL SDK\2.0\bin\x64;c:\Program Files\Intel\Intel(R) Management Engine Components\DAL;c:\Program Files\Intel\Intel(R) Management Engine Components\IPT;c:\Program Files (x86)\Intel\Intel(R) Management Engine Components\DAL;c:\Program Files (x86)\Intel\Intel(R) Management Engine Components\IPT;c:\Program Files (x86)\Java\jre7\bin;c:\Program Files\Java\jdk1.7.0_55\bin;c:\Program Files (x86)\Common Files\lenovo\easyplussdk\bin;c:\Program Files (x86)\Skype\Phone\;c:\Program Files\TortoiseGit\bin;c:\apache-ant-1.10.1-bin\apache-ant-1.10.1\bin\;." />
    <property name="java.vendor.url" value="http://java.oracle.com/" />
    <property name="java.vm.vendor" value="Oracle Corporation" />
    <property name="java.runtime.name" value="Java(TM) SE Runtime Environment" />
    <property name="sun.java.command" value="org.apache.tools.ant.taskdefs.optional.junit.JUnitTestRunner minicopier.gui.MainFrame skipNonTests=false filtertrace=true haltOnError=false haltOnFailure=false showoutput=false outputtoformatters=true logfailedtests=true threadid=0 logtestlistenerevents=false formatter=org.apache.tools.ant.taskdefs.optional.junit.XMLJUnitResultFormatter,c:\Users\YASIN\github\java_dummy01\cobertura_V1\reports\junit-xml\TEST-minicopier.gui.MainFrame.xml crashfile=c:\Users\YASIN\github\java_dummy01\cobertura_V1\junitvmwatcher8071414334924048081.properties propsfile=c:\Users\YASIN\github\java_dummy01\cobertura_V1\junit2427065298595737768.properties" />
    <property name="java.class.path" value="c:\Users\YASIN\github\java_dummy01\cobertura_V1\instrumented;c:\Users\YASIN\github\java_dummy01\develpment\classes;c:\Users\YASIN\github\java_dummy01\cobertura_V1\cobertura.jar;c:\Users\YASIN\github\java_dummy01\cobertura_V1\lib\asm-3.0.jar;c:\Users\YASIN\github\java_dummy01\cobertura_V1\lib\asm-tree-3.0.jar;c:\Users\YASIN\github\java_dummy01\cobertura_V1\lib\jakarta-oro-2.0.8.jar;c:\Users\YASIN\github\java_dummy01\cobertura_V1\lib\junit-4.11.jar;c:\Users\YASIN\github\java_dummy01\cobertura_V1\lib\log4j-1.2.9.jar;C:\apache-ant-1.10.1-bin\apache-ant-1.10.1\lib\ant-launcher.jar;c:\apache-ant-1.10.1-bin\apache-ant-1.10.1\lib\ant.jar;c:\apache-ant-1.10.1-bin\apache-ant-1.10.1\lib\ant-junit.jar;c:\apache-ant-1.10.1-bin\apache-ant-1.10.1\lib\ant-junit4.jar" />
    <property name="ant.version" value="Apache Ant(TM) version 1.10.1 compiled on February 2 2017" />
    <property name="java.vm.specification.name" value="Java Virtual Machine Specification" />
    <property name="ant.file.type" value="file" />
    <property name="java.vm.specification.version" value="1.8" />
    <property name="sun.cpu.endian" value="little" />
    <property name="sun.os.patch.level" value="Service Pack 1" />
    <property name="java.io.tmpdir" value="C:\Users\YASIN\AppData\Local\Temp\" />
    <property name="java.vendor.url.bug" value="http://bugreport.sun.com/bugreport/" />
    <property name="os.arch" value="amd64" />
    <property name="java.awt.graphicsenv" value="sun.awt.Win32GraphicsEnvironment" />
    <property name="instrumented.dir" value="instrumented" />
    <property name="java.ext.dirs" value="c:\Program Files\Java\jdk1.8.0_144\jre\lib\ext;C:\Windows\Sun\Java\lib\ext" />
    <property name="user.dir" value="c:\Users\YASIN\github\java_dummy01\cobertura_V1" />
    <property name="line.separator" value="&#xd;&#xa;" />
    <property name="java.vm.name" value="Java HotSpot(TM) 64-Bit Server VM" />
    <property name="basedir" value="c:\Users\YASIN\github\java_dummy01\cobertura_V1" />
    <property name="ant.java.version" value="1.8" />
    <property name="ant.core.lib" value="c:\apache-ant-1.10.1-bin\apache-ant-1.10.1\lib\ant.jar" />
    <property name="file.encoding" value="Cp1252" />
    <property name="sun.stderr.encoding" value="cp437" />
    <property name="java.specification.version" value="1.8" />
    <property name="src.dir" value="../development/src" />
    <property name="ant.project.invoked-targets" value="coverage" />
  </properties>
  <error message="Expecting a stackmap frame at branch target 123&#xa;Exception Details:&#xa;  Location:&#xa;    minicopier/gui/MainFrame.&lt;init&gt;(Lminicopier/Copier;)V @65: ifeq&#xa;  Reason:&#xa;    Expected stackmap frame at this location.&#xa;  Bytecode:&#xa;    0x0000000: 033d 11ff ff3e 1245 1100 39b8 004b 2ab7&#xa;    0x0000010: 004e 1245 1100 3bb8 004b 2ab3 0050 1245&#xa;    0x0000020: 1100 3db8 004b b800 5512 4511 0041 b800&#xa;    0x0000030: 4bb2 005b 125d b600 6311 0041 3d11 0000&#xa;    0x0000040: 3e99 003a 1c11 0041 a000 161d 1100 00a0&#xa;    0x0000050: 000f 1245 1c1d 04b8 0067 11ff ff3e 1245&#xa;    0x0000060: 1100 43b8 004b 1269 b800 6f12 4511 0044&#xa;    0x0000070: b800 4ba7 0079 3a04 a700 741d 9b00 0f12&#xa;    0x0000080: 451c 1d03 b800 6711 ffff 3e12 4511 0049&#xa;    0x0000090: b800 4b12 73b2 0079 b800 7d57 1245 1100&#xa;    0x00000a0: 4ab8 004b b200 5b12 7fb6 0063 1100 4a3d&#xa;    0x00000b0: 1100 003e 9900 381c 1100 4aa0 0016 1d11&#xa;    0x00000c0: 0000 a000 0f12 451c 1d04 b800 6711 ffff&#xa;    0x00000d0: 3e12 4511 004c b800 4bb8 0083 b800 6f12&#xa;    0x00000e0: 4511 004e b800 4ba7 0005 3a04 1d9b 000f&#xa;    0x00000f0: 1245 1c1d 03b8 0067 11ff ff3e 1245 1100&#xa;    0x0000100: 51b8 004b 2a2b b500 8512 4511 0052 b800&#xa;    0x0000110: 4b2a b400 852a b600 8912 4511 0054 b800&#xa;    0x0000120: 4b2a 2ab4 0085 57b2 008c b600 8f12 4511&#xa;    0x0000130: 0055 b800 4b2a 1101 d611 0190 b600 9312&#xa;    0x0000140: 4511 0057 b800 4b2a 06b6 0097 1245 1100&#xa;    0x0000150: 58b8 004b 2a01 b600 9b12 4511 0059 b800&#xa;    0x0000160: 4b2a 2a12 9db6 00a1 b600 a512 4511 005c&#xa;    0x0000170: b800 4b2a bb00 a759 2ab7 00a9 b500 ab12&#xa;    0x0000180: 4511 005e b800 4b2a bb00 ad59 2ab7 00ae&#xa;    0x0000190: b500 b012 4511 0060 b800 4b2a bb00 b259&#xa;    0x00001a0: 2ab7 00b3 b500 b512 4511 0062 b800 4b2a&#xa;    0x00001b0: bb00 b759 2ab7 00b8 b500 ba12 4511 0067&#xa;    0x00001c0: b800 4bbb 00bc 59b7 00bd 3a04 1245 1100&#xa;    0x00001d0: 68b8 004b 1904 bb00 bf59 1904 04b7 00c2&#xa;    0x00001e0: b600 c612 4511 0069 b800 4b19 0412 c7b6&#xa;    0x00001f0: 00cb 1245 1100 6cb8 004b 1904 2ab4 00ab&#xa;    0x0000200: b600 cf57 1245 1100 6fb8 004b bb00 3259&#xa;    0x0000210: 2a01 b700 d23a 0512 4511 0070 b800 4bbb&#xa;    0x0000220: 0020 592a 01b7 00d3 3a06 1245 1100 71b8&#xa;    0x0000230: 004b bb00 1d59 2a01 b700 d43a 0712 4511&#xa;    0x0000240: 0072 b800 4bbb 001a 592a 01b7 00d5 3a08&#xa;    0x0000250: 1245 1100 73b8 004b bb00 1759 2a01 b700&#xa;    0x0000260: d63a 0912 4511 0075 b800 4b2a b400 abb4&#xa;    0x0000270: 00da 1909 b600 e012 4511 0076 b800 4b2a&#xa;    0x0000280: b400 abb4 00e4 1905 b600 ea12 4511 0077&#xa;    0x0000290: b800 4b2a b400 abb4 00ed 1906 b600 ea12&#xa;    0x00002a0: 4511 0078 b800 4b2a b400 abb4 00f0 1907&#xa;    0x00002b0: b600 ea12 4511 007a b800 4bbb 002f 592a&#xa;    0x00002c0: 01b7 00f1 3a0a 1245 1100 7bb8 004b bb00&#xa;    0x00002d0: 2c59 2a01 b700 f23a 0b12 4511 007c b800&#xa;    0x00002e0: 4bbb 00f4 592a b400 abb4 00da 190a b700&#xa;    0x00002f0: f73a 0c12 4511 007d b800 4bbb 00f4 592a&#xa;    0x0000300: b400 abb4 00fa 190b b700 f73a 0d12 4511&#xa;    0x0000310: 0082 b800 4bbb 00fc 59b7 00fd 3a0e 1245&#xa;    0x0000320: 1100 85b8 004b 190e 12ff b801 05bb 0107&#xa;    0x0000330: 592a 1301 09b6 00a1 b701 0b2a b400 b0b6&#xa;    0x0000340: 010f 1245 1100 87b8 004b bb00 2659 2a01&#xa;    0x0000350: b701 103a 0f12 4511 0088 b800 4b2a b400&#xa;    0x0000360: b0b4 0114 190f b601 1712 4511 0089 b800&#xa;    0x0000370: 4b2a b400 b0b4 011a 190f b601 1712 4511&#xa;    0x0000380: 008a b800 4b2a b400 b0b4 011d 190f b601&#xa;    0x0000390: 1712 4511 008b b800 4b2a b400 b0b4 0120&#xa;    0x00003a0: 190f b601 1712 4511 008c b800 4b2a b400&#xa;    0x00003b0: b0b4 0123 190f b601 1712 4511 008e b800&#xa;    0x00003c0: 4b19 0e13 0125 b801 05bb 0107 592a 1301&#xa;    0x00003d0: 27b6 00a1 b701 0b2a b400 b5b6 010f 1245&#xa;    0x00003e0: 1100 90b8 004b bb00 2359 2a01 b701 283a&#xa;    0x00003f0: 1012 4511 0091 b800 4b2a b400 b5b4 012b&#xa;    0x0000400: 1910 b601 1712 4511 0092 b800 4b2a b400&#xa;    0x0000410: b5b4 012e 1910 b601 1712 4511 0095 b800&#xa;    0x0000420: 4b19 0e13 0130 b801 05bb 0107 592a 1301&#xa;    0x0000430: 32b6 00a1 b701 0b2a b400 bab6 010f 1245&#xa;    0x0000440: 1100 97b8 004b bb00 1459 2a01 b701 333a&#xa;    0x0000450: 1112 4511 0098 b800 4bbb 000b 592a 01b7&#xa;    0x0000460: 0134 3a12 1245 1100 9ab8 004b 2ab4 00ba&#xa;    0x0000470: b401 3819 11b6 013b 1245 1100 9bb8 004b&#xa;    0x0000480: 2ab4 00ba b401 3e19 12b6 013b 1245 1100&#xa;    0x0000490: 9cb8 004b 2ab4 00ba b401 4119 08b6 00ea&#xa;    0x00004a0: 1245 1100 9db8 004b 2ab4 00ba b401 45bb&#xa;    0x00004b0: 0011 592a 01b7 0146 b601 4912 4511 009e&#xa;    0x00004c0: b800 4bbb 000e 592a 01b7 014a 3a13 1245&#xa;    0x00004d0: 1100 9fb8 004b 2ab4 00ba b401 4e19 13b6&#xa;    0x00004e0: 0154 1245 1100 a0b8 004b 2ab4 00ba b401&#xa;    0x00004f0: 5719 13b6 013b 1245 1100 a2b8 004b 1904&#xa;    0x0000500: 190e b600 cf57 1245 1100 a5b8 004b 2ab6&#xa;    0x0000510: 015b 1904 b601 5e57 1245 1100 a6b8 004b&#xa;    0x0000520: 2a04 b601 6212 4511 00a9 b800 4bbb 0029&#xa;    0x0000530: 592a 1101 f4b7 0165 3a14 1245 1100 aab8&#xa;    0x0000540: 004b 1914 b601 6812 4511 00ac b800 4bb1&#xa;    0x0000550:                                        &#xa;  Exception Handler Table:&#xa;    bci [68, 107] =&gt; handler: 118&#xa;    bci [183, 223] =&gt; handler: 234&#xa;  Stackmap Table:&#xa;    full_frame(@118,{Object[#2],Object[#113]},{Object[#67]})&#xa;    same_frame(@147)&#xa;    same_locals_1_stack_item_extended(@234,Object[#67])&#xa;    same_frame(@260)&#xa;" type="java.lang.VerifyError">java.lang.VerifyError: Expecting a stackmap frame at branch target 123
Exception Details:
  Location:
    minicopier/gui/MainFrame.&lt;init&gt;(Lminicopier/Copier;)V @65: ifeq
  Reason:
    Expected stackmap frame at this location.
  Bytecode:
    0x0000000: 033d 11ff ff3e 1245 1100 39b8 004b 2ab7
    0x0000010: 004e 1245 1100 3bb8 004b 2ab3 0050 1245
    0x0000020: 1100 3db8 004b b800 5512 4511 0041 b800
    0x0000030: 4bb2 005b 125d b600 6311 0041 3d11 0000
    0x0000040: 3e99 003a 1c11 0041 a000 161d 1100 00a0
    0x0000050: 000f 1245 1c1d 04b8 0067 11ff ff3e 1245
    0x0000060: 1100 43b8 004b 1269 b800 6f12 4511 0044
    0x0000070: b800 4ba7 0079 3a04 a700 741d 9b00 0f12
    0x0000080: 451c 1d03 b800 6711 ffff 3e12 4511 0049
    0x0000090: b800 4b12 73b2 0079 b800 7d57 1245 1100
    0x00000a0: 4ab8 004b b200 5b12 7fb6 0063 1100 4a3d
    0x00000b0: 1100 003e 9900 381c 1100 4aa0 0016 1d11
    0x00000c0: 0000 a000 0f12 451c 1d04 b800 6711 ffff
    0x00000d0: 3e12 4511 004c b800 4bb8 0083 b800 6f12
    0x00000e0: 4511 004e b800 4ba7 0005 3a04 1d9b 000f
    0x00000f0: 1245 1c1d 03b8 0067 11ff ff3e 1245 1100
    0x0000100: 51b8 004b 2a2b b500 8512 4511 0052 b800
    0x0000110: 4b2a b400 852a b600 8912 4511 0054 b800
    0x0000120: 4b2a 2ab4 0085 57b2 008c b600 8f12 4511
    0x0000130: 0055 b800 4b2a 1101 d611 0190 b600 9312
    0x0000140: 4511 0057 b800 4b2a 06b6 0097 1245 1100
    0x0000150: 58b8 004b 2a01 b600 9b12 4511 0059 b800
    0x0000160: 4b2a 2a12 9db6 00a1 b600 a512 4511 005c
    0x0000170: b800 4b2a bb00 a759 2ab7 00a9 b500 ab12
    0x0000180: 4511 005e b800 4b2a bb00 ad59 2ab7 00ae
    0x0000190: b500 b012 4511 0060 b800 4b2a bb00 b259
    0x00001a0: 2ab7 00b3 b500 b512 4511 0062 b800 4b2a
    0x00001b0: bb00 b759 2ab7 00b8 b500 ba12 4511 0067
    0x00001c0: b800 4bbb 00bc 59b7 00bd 3a04 1245 1100
    0x00001d0: 68b8 004b 1904 bb00 bf59 1904 04b7 00c2
    0x00001e0: b600 c612 4511 0069 b800 4b19 0412 c7b6
    0x00001f0: 00cb 1245 1100 6cb8 004b 1904 2ab4 00ab
    0x0000200: b600 cf57 1245 1100 6fb8 004b bb00 3259
    0x0000210: 2a01 b700 d23a 0512 4511 0070 b800 4bbb
    0x0000220: 0020 592a 01b7 00d3 3a06 1245 1100 71b8
    0x0000230: 004b bb00 1d59 2a01 b700 d43a 0712 4511
    0x0000240: 0072 b800 4bbb 001a 592a 01b7 00d5 3a08
    0x0000250: 1245 1100 73b8 004b bb00 1759 2a01 b700
    0x0000260: d63a 0912 4511 0075 b800 4b2a b400 abb4
    0x0000270: 00da 1909 b600 e012 4511 0076 b800 4b2a
    0x0000280: b400 abb4 00e4 1905 b600 ea12 4511 0077
    0x0000290: b800 4b2a b400 abb4 00ed 1906 b600 ea12
    0x00002a0: 4511 0078 b800 4b2a b400 abb4 00f0 1907
    0x00002b0: b600 ea12 4511 007a b800 4bbb 002f 592a
    0x00002c0: 01b7 00f1 3a0a 1245 1100 7bb8 004b bb00
    0x00002d0: 2c59 2a01 b700 f23a 0b12 4511 007c b800
    0x00002e0: 4bbb 00f4 592a b400 abb4 00da 190a b700
    0x00002f0: f73a 0c12 4511 007d b800 4bbb 00f4 592a
    0x0000300: b400 abb4 00fa 190b b700 f73a 0d12 4511
    0x0000310: 0082 b800 4bbb 00fc 59b7 00fd 3a0e 1245
    0x0000320: 1100 85b8 004b 190e 12ff b801 05bb 0107
    0x0000330: 592a 1301 09b6 00a1 b701 0b2a b400 b0b6
    0x0000340: 010f 1245 1100 87b8 004b bb00 2659 2a01
    0x0000350: b701 103a 0f12 4511 0088 b800 4b2a b400
    0x0000360: b0b4 0114 190f b601 1712 4511 0089 b800
    0x0000370: 4b2a b400 b0b4 011a 190f b601 1712 4511
    0x0000380: 008a b800 4b2a b400 b0b4 011d 190f b601
    0x0000390: 1712 4511 008b b800 4b2a b400 b0b4 0120
    0x00003a0: 190f b601 1712 4511 008c b800 4b2a b400
    0x00003b0: b0b4 0123 190f b601 1712 4511 008e b800
    0x00003c0: 4b19 0e13 0125 b801 05bb 0107 592a 1301
    0x00003d0: 27b6 00a1 b701 0b2a b400 b5b6 010f 1245
    0x00003e0: 1100 90b8 004b bb00 2359 2a01 b701 283a
    0x00003f0: 1012 4511 0091 b800 4b2a b400 b5b4 012b
    0x0000400: 1910 b601 1712 4511 0092 b800 4b2a b400
    0x0000410: b5b4 012e 1910 b601 1712 4511 0095 b800
    0x0000420: 4b19 0e13 0130 b801 05bb 0107 592a 1301
    0x0000430: 32b6 00a1 b701 0b2a b400 bab6 010f 1245
    0x0000440: 1100 97b8 004b bb00 1459 2a01 b701 333a
    0x0000450: 1112 4511 0098 b800 4bbb 000b 592a 01b7
    0x0000460: 0134 3a12 1245 1100 9ab8 004b 2ab4 00ba
    0x0000470: b401 3819 11b6 013b 1245 1100 9bb8 004b
    0x0000480: 2ab4 00ba b401 3e19 12b6 013b 1245 1100
    0x0000490: 9cb8 004b 2ab4 00ba b401 4119 08b6 00ea
    0x00004a0: 1245 1100 9db8 004b 2ab4 00ba b401 45bb
    0x00004b0: 0011 592a 01b7 0146 b601 4912 4511 009e
    0x00004c0: b800 4bbb 000e 592a 01b7 014a 3a13 1245
    0x00004d0: 1100 9fb8 004b 2ab4 00ba b401 4e19 13b6
    0x00004e0: 0154 1245 1100 a0b8 004b 2ab4 00ba b401
    0x00004f0: 5719 13b6 013b 1245 1100 a2b8 004b 1904
    0x0000500: 190e b600 cf57 1245 1100 a5b8 004b 2ab6
    0x0000510: 015b 1904 b601 5e57 1245 1100 a6b8 004b
    0x0000520: 2a04 b601 6212 4511 00a9 b800 4bbb 0029
    0x0000530: 592a 1101 f4b7 0165 3a14 1245 1100 aab8
    0x0000540: 004b 1914 b601 6812 4511 00ac b800 4bb1
    0x0000550:                                        
  Exception Handler Table:
    bci [68, 107] =&gt; handler: 118
    bci [183, 223] =&gt; handler: 234
  Stackmap Table:
    full_frame(@118,{Object[#2],Object[#113]},{Object[#67]})
    same_frame(@147)
    same_locals_1_stack_item_extended(@234,Object[#67])
    same_frame(@260)

	at java.lang.Class.forName0(Native Method)
	at java.lang.Class.forName(Class.java:264)
</error>
  <system-out><![CDATA[]]></system-out>
  <system-err><![CDATA[]]></system-err>
</testsuite>
