<?xml version="1.0" encoding="UTF-8" ?>
<testsuite errors="1" failures="0" hostname="YASIN-PC" name="minicopier.i18n.Language" skipped="0" tests="1" time="0.0" timestamp="2017-08-13T13:47:23">
  <properties>
    <property name="java.vendor" value="Oracle Corporation" />
    <property name="coverage.summaryxml.dir" value="reports/cobertura-summary-xml" />
    <property name="sun.java.launcher" value="SUN_STANDARD" />
    <property name="sun.management.compiler" value="HotSpot 64-Bit Tiered Compilers" />
    <property name="os.name" value="Windows 7" />
    <property name="sun.boot.class.path" value="c:\Program Files\Java\jdk1.8.0_144\jre\lib\resources.jar;c:\Program Files\Java\jdk1.8.0_144\jre\lib\rt.jar;c:\Program Files\Java\jdk1.8.0_144\jre\lib\sunrsasign.jar;c:\Program Files\Java\jdk1.8.0_144\jre\lib\jsse.jar;c:\Program Files\Java\jdk1.8.0_144\jre\lib\jce.jar;c:\Program Files\Java\jdk1.8.0_144\jre\lib\charsets.jar;c:\Program Files\Java\jdk1.8.0_144\jre\lib\jfr.jar;c:\Program Files\Java\jdk1.8.0_144\jre\classes" />
    <property name="reports.html.dir" value="reports/junit-html" />
    <property name="sun.desktop" value="windows" />
    <property name="java.vm.specification.vendor" value="Oracle Corporation" />
    <property name="test.failed" value="true" />
    <property name="ant.home" value="c:/apache-ant-1.10.1-bin/apache-ant-1.10.1" />
    <property name="java.runtime.version" value="1.8.0_144-b01" />
    <property name="cobertura.dir" value="." />
    <property name="user.name" value="YASIN" />
    <property name="user.language" value="en" />
    <property name="sun.boot.library.path" value="c:\Program Files\Java\jdk1.8.0_144\jre\bin" />
    <property name="reports.dir" value="reports" />
    <property name="ant.project.default-target" value="coverage" />
    <property name="ant.project.name" value="cobertura.examples.basic" />
    <property name="ant.file.cobertura.examples.basic" value="c:\Users\YASIN\github\java_dummy01\cobertura_V1\build.xml" />
    <property name="java.version" value="1.8.0_144" />
    <property name="coverage.html.dir" value="reports/cobertura-html" />
    <property name="user.timezone" value="" />
    <property name="sun.arch.data.model" value="64" />
    <property name="java.endorsed.dirs" value="c:\Program Files\Java\jdk1.8.0_144\jre\lib\endorsed" />
    <property name="sun.cpu.isalist" value="amd64" />
    <property name="sun.jnu.encoding" value="Cp1252" />
    <property name="file.encoding.pkg" value="sun.io" />
    <property name="file.separator" value="\" />
    <property name="java.specification.name" value="Java Platform API Specification" />
    <property name="classes.dir" value="../develpment/classes" />
    <property name="java.class.version" value="52.0" />
    <property name="user.country" value="US" />
    <property name="java.home" value="c:\Program Files\Java\jdk1.8.0_144\jre" />
    <property name="java.vm.info" value="mixed mode" />
    <property name="ant.file.type.cobertura.examples.basic" value="file" />
    <property name="ant.file" value="c:\Users\YASIN\github\java_dummy01\cobertura_V1\build.xml" />
    <property name="os.version" value="6.1" />
    <property name="path.separator" value=";" />
    <property name="java.vm.version" value="25.144-b01" />
    <property name="user.variant" value="" />
    <property name="ant.library.dir" value="c:/apache-ant-1.10.1-bin/apache-ant-1.10.1/lib" />
    <property name="java.awt.printerjob" value="sun.awt.windows.WPrinterJob" />
    <property name="sun.io.unicode.encoding" value="UnicodeLittle" />
    <property name="awt.toolkit" value="sun.awt.windows.WToolkit" />
    <property name="sun.stdout.encoding" value="cp437" />
    <property name="user.script" value="" />
    <property name="reports.xml.dir" value="reports/junit-xml" />
    <property name="user.home" value="C:\Users\YASIN" />
    <property name="java.specification.vendor" value="Oracle Corporation" />
    <property name="coverage.xml.dir" value="reports/cobertura-xml" />
    <property name="java.library.path" value="c:\Program Files\Java\jdk1.8.0_144\jre\bin;C:\Windows\Sun\Java\bin;C:\Windows\system32;C:\Windows;c:\Users\YASIN\bin;.;C:\Program Files (x86)\Git\local\bin;C:\Program Files (x86)\Git\mingw\bin;C:\Program Files (x86)\Git\bin;c:\ProgramData\Oracle\Java\javapath;c:\Program Files (x86)\Intel\iCLS Client\;c:\Program Files\Intel\iCLS Client\;c:\Windows\system32;c:\Windows;c:\Windows\System32\Wbem;c:\Windows\System32\WindowsPowerShell\v1.0\;c:\Program Files (x86)\Intel\OpenCL SDK\2.0\bin\x86;c:\Program Files (x86)\Intel\OpenCL SDK\2.0\bin\x64;c:\Program Files\Intel\Intel(R) Management Engine Components\DAL;c:\Program Files\Intel\Intel(R) Management Engine Components\IPT;c:\Program Files (x86)\Intel\Intel(R) Management Engine Components\DAL;c:\Program Files (x86)\Intel\Intel(R) Management Engine Components\IPT;c:\Program Files (x86)\Java\jre7\bin;c:\Program Files\Java\jdk1.7.0_55\bin;c:\Program Files (x86)\Common Files\lenovo\easyplussdk\bin;c:\Program Files (x86)\Skype\Phone\;c:\Program Files\TortoiseGit\bin;c:\apache-ant-1.10.1-bin\apache-ant-1.10.1\bin\;." />
    <property name="java.vendor.url" value="http://java.oracle.com/" />
    <property name="java.vm.vendor" value="Oracle Corporation" />
    <property name="java.runtime.name" value="Java(TM) SE Runtime Environment" />
    <property name="sun.java.command" value="org.apache.tools.ant.taskdefs.optional.junit.JUnitTestRunner minicopier.i18n.Language skipNonTests=false filtertrace=true haltOnError=false haltOnFailure=false showoutput=false outputtoformatters=true logfailedtests=true threadid=0 logtestlistenerevents=false formatter=org.apache.tools.ant.taskdefs.optional.junit.XMLJUnitResultFormatter,c:\Users\YASIN\github\java_dummy01\cobertura_V1\reports\junit-xml\TEST-minicopier.i18n.Language.xml crashfile=c:\Users\YASIN\github\java_dummy01\cobertura_V1\junitvmwatcher3998288170893450102.properties propsfile=c:\Users\YASIN\github\java_dummy01\cobertura_V1\junit1317011169713762940.properties" />
    <property name="java.class.path" value="c:\Users\YASIN\github\java_dummy01\cobertura_V1\instrumented;c:\Users\YASIN\github\java_dummy01\develpment\classes;c:\Users\YASIN\github\java_dummy01\cobertura_V1\cobertura.jar;c:\Users\YASIN\github\java_dummy01\cobertura_V1\lib\asm-3.0.jar;c:\Users\YASIN\github\java_dummy01\cobertura_V1\lib\asm-tree-3.0.jar;c:\Users\YASIN\github\java_dummy01\cobertura_V1\lib\jakarta-oro-2.0.8.jar;c:\Users\YASIN\github\java_dummy01\cobertura_V1\lib\junit-4.11.jar;c:\Users\YASIN\github\java_dummy01\cobertura_V1\lib\log4j-1.2.9.jar;C:\apache-ant-1.10.1-bin\apache-ant-1.10.1\lib\ant-launcher.jar;c:\apache-ant-1.10.1-bin\apache-ant-1.10.1\lib\ant.jar;c:\apache-ant-1.10.1-bin\apache-ant-1.10.1\lib\ant-junit.jar;c:\apache-ant-1.10.1-bin\apache-ant-1.10.1\lib\ant-junit4.jar" />
    <property name="ant.version" value="Apache Ant(TM) version 1.10.1 compiled on February 2 2017" />
    <property name="java.vm.specification.name" value="Java Virtual Machine Specification" />
    <property name="ant.file.type" value="file" />
    <property name="java.vm.specification.version" value="1.8" />
    <property name="sun.cpu.endian" value="little" />
    <property name="sun.os.patch.level" value="Service Pack 1" />
    <property name="java.io.tmpdir" value="C:\Users\YASIN\AppData\Local\Temp\" />
    <property name="java.vendor.url.bug" value="http://bugreport.sun.com/bugreport/" />
    <property name="os.arch" value="amd64" />
    <property name="java.awt.graphicsenv" value="sun.awt.Win32GraphicsEnvironment" />
    <property name="instrumented.dir" value="instrumented" />
    <property name="java.ext.dirs" value="c:\Program Files\Java\jdk1.8.0_144\jre\lib\ext;C:\Windows\Sun\Java\lib\ext" />
    <property name="user.dir" value="c:\Users\YASIN\github\java_dummy01\cobertura_V1" />
    <property name="line.separator" value="&#xd;&#xa;" />
    <property name="java.vm.name" value="Java HotSpot(TM) 64-Bit Server VM" />
    <property name="basedir" value="c:\Users\YASIN\github\java_dummy01\cobertura_V1" />
    <property name="ant.java.version" value="1.8" />
    <property name="ant.core.lib" value="c:\apache-ant-1.10.1-bin\apache-ant-1.10.1\lib\ant.jar" />
    <property name="file.encoding" value="Cp1252" />
    <property name="sun.stderr.encoding" value="cp437" />
    <property name="java.specification.version" value="1.8" />
    <property name="src.dir" value="../development/src" />
    <property name="ant.project.invoked-targets" value="coverage" />
  </properties>
  <error message="Expecting a stackmap frame at branch target 72&#xa;Exception Details:&#xa;  Location:&#xa;    minicopier/i18n/Language.init(Ljava/lang/String;)V @28: ifeq&#xa;  Reason:&#xa;    Expected stackmap frame at this location.&#xa;  Bytecode:&#xa;    0x0000000: 033c 11ff ff3d 120d 1100 24b8 0013 2a12&#xa;    0x0000010: 1eb6 0024 1100 243c 1100 003d 9900 2c1b&#xa;    0x0000020: 1100 24a0 0016 1c11 0000 a000 0f12 0d1b&#xa;    0x0000030: 1c04 b800 2811 ffff 3d12 0d11 0025 b800&#xa;    0x0000040: 13b8 002e 4ea7 0024 1c9b 000f 120d 1b1c&#xa;    0x0000050: 03b8 0028 11ff ff3d 120d 1100 27b8 0013&#xa;    0x0000060: bb00 2a59 2ab7 0030 4e12 0d11 002a b800&#xa;    0x0000070: 1312 322d b800 38b3 003a 120d 1100 2db8&#xa;    0x0000080: 0013 b1                                &#xa;  Stackmap Table:&#xa;    same_frame_extended(@96)&#xa;    append_frame(@113,Object[#42])&#xa;" type="java.lang.VerifyError">java.lang.VerifyError: Expecting a stackmap frame at branch target 72
Exception Details:
  Location:
    minicopier/i18n/Language.init(Ljava/lang/String;)V @28: ifeq
  Reason:
    Expected stackmap frame at this location.
  Bytecode:
    0x0000000: 033c 11ff ff3d 120d 1100 24b8 0013 2a12
    0x0000010: 1eb6 0024 1100 243c 1100 003d 9900 2c1b
    0x0000020: 1100 24a0 0016 1c11 0000 a000 0f12 0d1b
    0x0000030: 1c04 b800 2811 ffff 3d12 0d11 0025 b800
    0x0000040: 13b8 002e 4ea7 0024 1c9b 000f 120d 1b1c
    0x0000050: 03b8 0028 11ff ff3d 120d 1100 27b8 0013
    0x0000060: bb00 2a59 2ab7 0030 4e12 0d11 002a b800
    0x0000070: 1312 322d b800 38b3 003a 120d 1100 2db8
    0x0000080: 0013 b1                                
  Stackmap Table:
    same_frame_extended(@96)
    append_frame(@113,Object[#42])

	at java.lang.Class.forName0(Native Method)
	at java.lang.Class.forName(Class.java:264)
</error>
  <system-out><![CDATA[]]></system-out>
  <system-err><![CDATA[]]></system-err>
</testsuite>
