<?xml version="1.0" encoding="UTF-8" ?>
<testsuite errors="1" failures="0" hostname="YASIN-PC" name="minicopier.FailedQueue" skipped="0" tests="1" time="0.0" timestamp="2017-08-13T13:47:18">
  <properties>
    <property name="java.vendor" value="Oracle Corporation" />
    <property name="coverage.summaryxml.dir" value="reports/cobertura-summary-xml" />
    <property name="sun.java.launcher" value="SUN_STANDARD" />
    <property name="sun.management.compiler" value="HotSpot 64-Bit Tiered Compilers" />
    <property name="os.name" value="Windows 7" />
    <property name="sun.boot.class.path" value="c:\Program Files\Java\jdk1.8.0_144\jre\lib\resources.jar;c:\Program Files\Java\jdk1.8.0_144\jre\lib\rt.jar;c:\Program Files\Java\jdk1.8.0_144\jre\lib\sunrsasign.jar;c:\Program Files\Java\jdk1.8.0_144\jre\lib\jsse.jar;c:\Program Files\Java\jdk1.8.0_144\jre\lib\jce.jar;c:\Program Files\Java\jdk1.8.0_144\jre\lib\charsets.jar;c:\Program Files\Java\jdk1.8.0_144\jre\lib\jfr.jar;c:\Program Files\Java\jdk1.8.0_144\jre\classes" />
    <property name="reports.html.dir" value="reports/junit-html" />
    <property name="sun.desktop" value="windows" />
    <property name="java.vm.specification.vendor" value="Oracle Corporation" />
    <property name="test.failed" value="true" />
    <property name="ant.home" value="c:/apache-ant-1.10.1-bin/apache-ant-1.10.1" />
    <property name="java.runtime.version" value="1.8.0_144-b01" />
    <property name="cobertura.dir" value="." />
    <property name="user.name" value="YASIN" />
    <property name="user.language" value="en" />
    <property name="sun.boot.library.path" value="c:\Program Files\Java\jdk1.8.0_144\jre\bin" />
    <property name="reports.dir" value="reports" />
    <property name="ant.project.default-target" value="coverage" />
    <property name="ant.project.name" value="cobertura.examples.basic" />
    <property name="ant.file.cobertura.examples.basic" value="c:\Users\YASIN\github\java_dummy01\cobertura_V1\build.xml" />
    <property name="java.version" value="1.8.0_144" />
    <property name="coverage.html.dir" value="reports/cobertura-html" />
    <property name="user.timezone" value="" />
    <property name="sun.arch.data.model" value="64" />
    <property name="java.endorsed.dirs" value="c:\Program Files\Java\jdk1.8.0_144\jre\lib\endorsed" />
    <property name="sun.cpu.isalist" value="amd64" />
    <property name="sun.jnu.encoding" value="Cp1252" />
    <property name="file.encoding.pkg" value="sun.io" />
    <property name="file.separator" value="\" />
    <property name="java.specification.name" value="Java Platform API Specification" />
    <property name="classes.dir" value="../develpment/classes" />
    <property name="java.class.version" value="52.0" />
    <property name="user.country" value="US" />
    <property name="java.home" value="c:\Program Files\Java\jdk1.8.0_144\jre" />
    <property name="java.vm.info" value="mixed mode" />
    <property name="ant.file.type.cobertura.examples.basic" value="file" />
    <property name="ant.file" value="c:\Users\YASIN\github\java_dummy01\cobertura_V1\build.xml" />
    <property name="os.version" value="6.1" />
    <property name="path.separator" value=";" />
    <property name="java.vm.version" value="25.144-b01" />
    <property name="user.variant" value="" />
    <property name="ant.library.dir" value="c:/apache-ant-1.10.1-bin/apache-ant-1.10.1/lib" />
    <property name="java.awt.printerjob" value="sun.awt.windows.WPrinterJob" />
    <property name="sun.io.unicode.encoding" value="UnicodeLittle" />
    <property name="awt.toolkit" value="sun.awt.windows.WToolkit" />
    <property name="sun.stdout.encoding" value="cp437" />
    <property name="user.script" value="" />
    <property name="reports.xml.dir" value="reports/junit-xml" />
    <property name="user.home" value="C:\Users\YASIN" />
    <property name="java.specification.vendor" value="Oracle Corporation" />
    <property name="coverage.xml.dir" value="reports/cobertura-xml" />
    <property name="java.library.path" value="c:\Program Files\Java\jdk1.8.0_144\jre\bin;C:\Windows\Sun\Java\bin;C:\Windows\system32;C:\Windows;c:\Users\YASIN\bin;.;C:\Program Files (x86)\Git\local\bin;C:\Program Files (x86)\Git\mingw\bin;C:\Program Files (x86)\Git\bin;c:\ProgramData\Oracle\Java\javapath;c:\Program Files (x86)\Intel\iCLS Client\;c:\Program Files\Intel\iCLS Client\;c:\Windows\system32;c:\Windows;c:\Windows\System32\Wbem;c:\Windows\System32\WindowsPowerShell\v1.0\;c:\Program Files (x86)\Intel\OpenCL SDK\2.0\bin\x86;c:\Program Files (x86)\Intel\OpenCL SDK\2.0\bin\x64;c:\Program Files\Intel\Intel(R) Management Engine Components\DAL;c:\Program Files\Intel\Intel(R) Management Engine Components\IPT;c:\Program Files (x86)\Intel\Intel(R) Management Engine Components\DAL;c:\Program Files (x86)\Intel\Intel(R) Management Engine Components\IPT;c:\Program Files (x86)\Java\jre7\bin;c:\Program Files\Java\jdk1.7.0_55\bin;c:\Program Files (x86)\Common Files\lenovo\easyplussdk\bin;c:\Program Files (x86)\Skype\Phone\;c:\Program Files\TortoiseGit\bin;c:\apache-ant-1.10.1-bin\apache-ant-1.10.1\bin\;." />
    <property name="java.vendor.url" value="http://java.oracle.com/" />
    <property name="java.vm.vendor" value="Oracle Corporation" />
    <property name="java.runtime.name" value="Java(TM) SE Runtime Environment" />
    <property name="sun.java.command" value="org.apache.tools.ant.taskdefs.optional.junit.JUnitTestRunner minicopier.FailedQueue skipNonTests=false filtertrace=true haltOnError=false haltOnFailure=false showoutput=false outputtoformatters=true logfailedtests=true threadid=0 logtestlistenerevents=false formatter=org.apache.tools.ant.taskdefs.optional.junit.XMLJUnitResultFormatter,c:\Users\YASIN\github\java_dummy01\cobertura_V1\reports\junit-xml\TEST-minicopier.FailedQueue.xml crashfile=c:\Users\YASIN\github\java_dummy01\cobertura_V1\junitvmwatcher3121946744976364763.properties propsfile=c:\Users\YASIN\github\java_dummy01\cobertura_V1\junit5203428801192432391.properties" />
    <property name="java.class.path" value="c:\Users\YASIN\github\java_dummy01\cobertura_V1\instrumented;c:\Users\YASIN\github\java_dummy01\develpment\classes;c:\Users\YASIN\github\java_dummy01\cobertura_V1\cobertura.jar;c:\Users\YASIN\github\java_dummy01\cobertura_V1\lib\asm-3.0.jar;c:\Users\YASIN\github\java_dummy01\cobertura_V1\lib\asm-tree-3.0.jar;c:\Users\YASIN\github\java_dummy01\cobertura_V1\lib\jakarta-oro-2.0.8.jar;c:\Users\YASIN\github\java_dummy01\cobertura_V1\lib\junit-4.11.jar;c:\Users\YASIN\github\java_dummy01\cobertura_V1\lib\log4j-1.2.9.jar;C:\apache-ant-1.10.1-bin\apache-ant-1.10.1\lib\ant-launcher.jar;c:\apache-ant-1.10.1-bin\apache-ant-1.10.1\lib\ant.jar;c:\apache-ant-1.10.1-bin\apache-ant-1.10.1\lib\ant-junit.jar;c:\apache-ant-1.10.1-bin\apache-ant-1.10.1\lib\ant-junit4.jar" />
    <property name="ant.version" value="Apache Ant(TM) version 1.10.1 compiled on February 2 2017" />
    <property name="java.vm.specification.name" value="Java Virtual Machine Specification" />
    <property name="ant.file.type" value="file" />
    <property name="java.vm.specification.version" value="1.8" />
    <property name="sun.cpu.endian" value="little" />
    <property name="sun.os.patch.level" value="Service Pack 1" />
    <property name="java.io.tmpdir" value="C:\Users\YASIN\AppData\Local\Temp\" />
    <property name="java.vendor.url.bug" value="http://bugreport.sun.com/bugreport/" />
    <property name="os.arch" value="amd64" />
    <property name="java.awt.graphicsenv" value="sun.awt.Win32GraphicsEnvironment" />
    <property name="instrumented.dir" value="instrumented" />
    <property name="java.ext.dirs" value="c:\Program Files\Java\jdk1.8.0_144\jre\lib\ext;C:\Windows\Sun\Java\lib\ext" />
    <property name="user.dir" value="c:\Users\YASIN\github\java_dummy01\cobertura_V1" />
    <property name="line.separator" value="&#xd;&#xa;" />
    <property name="java.vm.name" value="Java HotSpot(TM) 64-Bit Server VM" />
    <property name="basedir" value="c:\Users\YASIN\github\java_dummy01\cobertura_V1" />
    <property name="ant.java.version" value="1.8" />
    <property name="ant.core.lib" value="c:\apache-ant-1.10.1-bin\apache-ant-1.10.1\lib\ant.jar" />
    <property name="file.encoding" value="Cp1252" />
    <property name="sun.stderr.encoding" value="cp437" />
    <property name="java.specification.version" value="1.8" />
    <property name="src.dir" value="../development/src" />
    <property name="ant.project.invoked-targets" value="coverage" />
  </properties>
  <error message="Instruction type does not match stack map&#xa;Exception Details:&#xa;  Location:&#xa;    minicopier/FailedQueue.remove([I)[I @72: iload&#xa;  Reason:&#xa;    Type integer (current frame, locals[2]) is not assignable to &apos;[I&apos; (stack map, locals[2])&#xa;  Current Frame:&#xa;    bci: @72&#xa;    flags: { }&#xa;    locals: { &apos;minicopier/FailedQueue&apos;, &apos;[I&apos;, integer, integer, &apos;[I&apos;, integer, integer, top, integer }&#xa;    stack: { }&#xa;  Stackmap Frame:&#xa;    bci: @72&#xa;    flags: { }&#xa;    locals: { &apos;minicopier/FailedQueue&apos;, &apos;[I&apos;, &apos;[I&apos;, integer, integer, top, integer }&#xa;    stack: { }&#xa;  Bytecode:&#xa;    0x0000000: 033d 11ff ff3e 1215 1100 43b8 001b 05bc&#xa;    0x0000010: 0a59 0302 4f59 0402 4f3a 0412 1511 0044&#xa;    0x0000020: b800 1b2b be36 0512 1511 0046 b800 1b03&#xa;    0x0000030: 3606 1215 1100 48b8 001b 0336 0812 1511&#xa;    0x0000040: 004a b800 1b03 3606 1506 1505 0464 1100&#xa;    0x0000050: 4a3d 1100 003e a300 691c 1100 4aa0 0016&#xa;    0x0000060: 1d11 0000 a000 0f12 151c 1d04 b800 7011&#xa;    0x0000070: ffff 3e12 1511 004b b800 1b2b 1506 2e15&#xa;    0x0000080: 0864 3607 1215 1100 4cb8 001b 2ab4 0025&#xa;    0x0000090: 1507 b600 7412 1511 004d b800 1b2a b400&#xa;    0x00000a0: 3815 07b6 0077 1215 1100 4eb8 001b 8408&#xa;    0x00000b0: 0112 1511 004a b800 1b84 0601 a7ff 8c1d&#xa;    0x00000c0: 9b00 0f12 151c 1d03 b800 7011 ffff 3e12&#xa;    0x00000d0: 1511 0050 b800 1b19 04b0               &#xa;  Stackmap Table:&#xa;    full_frame(@72,{Object[#2],Object[#108],Object[#108],Integer,Integer,Top,Integer},{})&#xa;    same_frame_extended(@215)&#xa;" type="java.lang.VerifyError">java.lang.VerifyError: Instruction type does not match stack map
Exception Details:
  Location:
    minicopier/FailedQueue.remove([I)[I @72: iload
  Reason:
    Type integer (current frame, locals[2]) is not assignable to &apos;[I&apos; (stack map, locals[2])
  Current Frame:
    bci: @72
    flags: { }
    locals: { &apos;minicopier/FailedQueue&apos;, &apos;[I&apos;, integer, integer, &apos;[I&apos;, integer, integer, top, integer }
    stack: { }
  Stackmap Frame:
    bci: @72
    flags: { }
    locals: { &apos;minicopier/FailedQueue&apos;, &apos;[I&apos;, &apos;[I&apos;, integer, integer, top, integer }
    stack: { }
  Bytecode:
    0x0000000: 033d 11ff ff3e 1215 1100 43b8 001b 05bc
    0x0000010: 0a59 0302 4f59 0402 4f3a 0412 1511 0044
    0x0000020: b800 1b2b be36 0512 1511 0046 b800 1b03
    0x0000030: 3606 1215 1100 48b8 001b 0336 0812 1511
    0x0000040: 004a b800 1b03 3606 1506 1505 0464 1100
    0x0000050: 4a3d 1100 003e a300 691c 1100 4aa0 0016
    0x0000060: 1d11 0000 a000 0f12 151c 1d04 b800 7011
    0x0000070: ffff 3e12 1511 004b b800 1b2b 1506 2e15
    0x0000080: 0864 3607 1215 1100 4cb8 001b 2ab4 0025
    0x0000090: 1507 b600 7412 1511 004d b800 1b2a b400
    0x00000a0: 3815 07b6 0077 1215 1100 4eb8 001b 8408
    0x00000b0: 0112 1511 004a b800 1b84 0601 a7ff 8c1d
    0x00000c0: 9b00 0f12 151c 1d03 b800 7011 ffff 3e12
    0x00000d0: 1511 0050 b800 1b19 04b0               
  Stackmap Table:
    full_frame(@72,{Object[#2],Object[#108],Object[#108],Integer,Integer,Top,Integer},{})
    same_frame_extended(@215)

	at java.lang.Class.forName0(Native Method)
	at java.lang.Class.forName(Class.java:264)
</error>
  <system-out><![CDATA[]]></system-out>
  <system-err><![CDATA[]]></system-err>
</testsuite>
